compose up: docker compose -f /home/yzx/DRSEC_v2/deploy/docker-compose.yml up -d --build vuln-app
 Image deploy-vuln-app:latest Building 
#1 [internal] load local bake definitions
#1 reading from stdin 533B done
#1 DONE 0.0s

#2 [internal] load build definition from Dockerfile
#2 transferring dockerfile: 278B done
#2 DONE 0.0s

#3 [internal] load metadata for docker.io/library/python:alpine
#3 DONE 2.5s

#4 [internal] load .dockerignore
#4 transferring context: 2B done
#4 DONE 0.0s

#5 [1/5] FROM docker.io/library/python:alpine@sha256:dd4d2bd5b53d9b25a51da13addf2be586beebd5387e289e798e4083d94ca837a
#5 DONE 0.0s

#6 [internal] load build context
#6 transferring context: 11.19kB done
#6 DONE 0.0s

#7 [4/5] RUN pip install flask
#7 CACHED

#8 [2/5] WORKDIR /app
#8 CACHED

#9 [3/5] COPY app.py .
#9 CACHED

#10 [5/5] RUN apk add --no-cache     bash     tar     gzip     coreutils     procps     netcat-openbsd     sqlite     iputils     curl
#10 CACHED

#11 exporting to image
#11 exporting layers done
#11 writing image sha256:fed2f6a6abf89e7250e9481170b472c035120732f023465cf6ecc7cbad9d6826 done
#11 naming to docker.io/library/deploy-vuln-app:latest done
#11 DONE 0.0s

#12 resolving provenance for metadata file
#12 DONE 0.0s
 Image deploy-vuln-app:latest Built 
 Network deploy_drsec-net Creating 
 Network deploy_drsec-net Created 
 Container drsec-target Creating 
 Container drsec-target Created 
 Container drsec-target Starting 
 Container drsec-target Started 
Error response from daemon: No such container: tracee_benign_v3_run_c
tracee command: docker run --name tracee_benign_v3_run_c --rm -i --privileged --pid=host --cgroupns=host --network=host -v /lib/modules:/lib/modules:ro -v /usr/src:/usr/src:ro -v /etc/os-release:/etc/os-release-host:ro -v /var/run/docker.sock:/var/run/docker.sock -v /sys/fs/cgroup:/sys/fs/cgroup:ro aquasec/tracee:latest --containers enrich=true --containers sockets.docker=/var/run/docker.sock --containers cgroupfs.path=/sys/fs/cgroup --containers cgroupfs.force=true --scope container --scope comm\!=tracee --events sched_process_exec\,execve\,openat\,read\,write\,close\,connect\,accept\,sendto\,recvfrom\,fork\,clone\,vfork\,mmap\,security_socket_connect\,security_socket_accept --output table --output option:parse-arguments 
driver command: /home/yzx/DRSEC_v2/.venv/bin/python -m src.process.benign_workload_driver --config /home/yzx/DRSEC_v2/data/benign_corpus_v3/calibration/run_c/effective_config.yaml --output-dir /home/yzx/DRSEC_v2/data/benign_corpus_v3/calibration/run_c --duration-seconds 1800 
tracee_benign_v3_run_c
 Container drsec-target Stopping 
 Container drsec-target Stopped 
Going to remove drsec-target
 Container drsec-target Removing 
 Container drsec-target Removed 
